[0m18:36:15.209073 [debug] [MainThread]: Sending event: {'category': 'dbt', 'action': 'invocation', 'label': 'start', 'context': [<snowplow_tracker.self_describing_json.SelfDescribingJson object at 0x0000022CD17A3A10>, <snowplow_tracker.self_describing_json.SelfDescribingJson object at 0x0000022CCF064A50>, <snowplow_tracker.self_describing_json.SelfDescribingJson object at 0x0000022CD3AEF9D0>]}


============================== 18:36:15.214622 | f2ab10e5-249d-4d0f-8fe4-fe0e29050a2c ==============================
[0m18:36:15.214622 [info ] [MainThread]: Running with dbt=1.12.0-b1
[0m18:36:15.215198 [debug] [MainThread]: running dbt with arguments {'version_check': 'True', 'no_print': 'None', 'static_parser': 'True', 'warn_error_options': 'WarnErrorOptionsV2(error=[], warn=[], silence=[])', 'target_path': 'None', 'printer_width': '80', 'write_json': 'True', 'introspect': 'True', 'log_cache_events': 'False', 'empty': 'None', 'cache_selected_only': 'False', 'log_format': 'default', 'debug': 'False', 'fail_fast': 'False', 'profiles_dir': 'C:\\Users\\zstok\\.dbt', 'send_anonymous_usage_stats': 'True', 'quiet': 'False', 'warn_error': 'None', 'partial_parse': 'True', 'use_colors': 'True', 'invocation_command': 'dbt init air_quality_dbt', 'indirect_selection': 'eager', 'use_experimental_parser': 'False', 'log_path': 'logs'}
[0m18:36:15.234325 [info ] [MainThread]: Creating dbt configuration folder at C:\Users\zstok\.dbt
[0m18:36:15.237301 [debug] [MainThread]: Starter project path: C:\Users\zstok\AppData\Local\Programs\Python\Python314\Lib\site-packages\dbt\include\starter_project
[0m18:36:15.272515 [info ] [MainThread]: Setting up your profile.
[0m18:37:28.117080 [info ] [MainThread]: Profile air_quality_dbt written to C:\Users\zstok\.dbt\profiles.yml using target's profile_template.yml and your supplied values.
[0m18:37:28.119973 [info ] [MainThread]: Running dbt debug to validate the project...
[0m18:37:28.120670 [info ] [MainThread]: dbt version: 1.12.0-b1
[0m18:37:28.121041 [info ] [MainThread]: python version: 3.14.5
[0m18:37:28.121373 [info ] [MainThread]: python path: C:\Users\zstok\AppData\Local\Programs\Python\Python314\python.exe
[0m18:37:28.121743 [info ] [MainThread]: os info: Windows-11-10.0.26200-SP0
[0m18:37:28.152372 [info ] [MainThread]: Using profiles dir at C:\Users\zstok\.dbt
[0m18:37:28.152984 [info ] [MainThread]: Using profiles.yml file at C:\Users\zstok\.dbt\profiles.yml
[0m18:37:28.153426 [info ] [MainThread]: Using dbt_project.yml file at C:\Users\zstok\OneDrive\Desktop\air-quality-pipeline\dbt\air_quality_dbt\dbt_project.yml
[0m18:37:28.154820 [info ] [MainThread]: adapter type: postgres
[0m18:37:28.155227 [info ] [MainThread]: adapter version: 1.10.0
[0m18:37:28.250364 [info ] [MainThread]: Configuration:
[0m18:37:28.250967 [info ] [MainThread]:   profiles.yml file [[32mOK found and valid[0m]
[0m18:37:28.251453 [info ] [MainThread]:   dbt_project.yml file [[32mOK found and valid[0m]
[0m18:37:28.251926 [info ] [MainThread]: Required dependencies:
[0m18:37:28.252304 [debug] [MainThread]: Executing "git --help"
[0m18:37:28.254810 [info ] [MainThread]:  - git [[31mERROR[0m]

[0m18:37:28.255196 [info ] [MainThread]: Connection:
[0m18:37:28.255583 [info ] [MainThread]:   host: localhost
[0m18:37:28.255984 [info ] [MainThread]:   port: 5432
[0m18:37:28.256289 [info ] [MainThread]:   user: airflow
[0m18:37:28.256590 [info ] [MainThread]:   database: airflow
[0m18:37:28.256862 [info ] [MainThread]:   schema: public
[0m18:37:28.257162 [info ] [MainThread]:   connect_timeout: 10
[0m18:37:28.257427 [info ] [MainThread]:   role: None
[0m18:37:28.257688 [info ] [MainThread]:   search_path: None
[0m18:37:28.257949 [info ] [MainThread]:   keepalives_idle: 0
[0m18:37:28.258238 [info ] [MainThread]:   sslmode: None
[0m18:37:28.258503 [info ] [MainThread]:   sslcert: None
[0m18:37:28.258760 [info ] [MainThread]:   sslkey: None
[0m18:37:28.259015 [info ] [MainThread]:   sslrootcert: None
[0m18:37:28.259298 [info ] [MainThread]:   application_name: dbt
[0m18:37:28.259608 [info ] [MainThread]:   retries: 1
[0m18:37:28.260080 [info ] [MainThread]: Registered adapter: postgres=1.10.0
[0m18:37:28.503772 [debug] [MainThread]: Acquiring new postgres connection 'debug'
[0m18:37:30.128013 [debug] [MainThread]: Using postgres connection "debug"
[0m18:37:30.128415 [debug] [MainThread]: On debug: select 1 as id
[0m18:37:30.128650 [debug] [MainThread]: Opening a new connection, currently in state init
[0m18:37:30.167044 [debug] [MainThread]: Postgres adapter: Got a retryable error when attempting to open a postgres connection.
1 attempts remaining. Retrying in 0 seconds.
Error:
connection to server at "localhost" (::1), port 5432 failed: FATAL:  password authentication failed for user "airflow"

[0m18:37:30.201314 [debug] [MainThread]: Postgres adapter: Error running SQL: select 1 as id
[0m18:37:30.201813 [debug] [MainThread]: Postgres adapter: Rolling back transaction.
[0m18:37:30.202126 [debug] [MainThread]: On debug: No close available on handle
[0m18:37:30.202458 [info ] [MainThread]:   Connection test: [[31mERROR[0m]

[0m18:37:30.203015 [info ] [MainThread]: [31m2 checks failed:[0m
[0m18:37:30.203500 [info ] [MainThread]: Error from git --help: Could not find command, ensure it is in the user's PATH and that the user has permissions to run it: "git"

[0m18:37:30.203981 [info ] [MainThread]: dbt was unable to connect to the specified database.
The database returned the following error:

  >Database Error
  connection to server at "localhost" (::1), port 5432 failed: FATAL:  password authentication failed for user "airflow"
  

Check your database credentials and try again. For more information, visit:
https://docs.getdbt.com/docs/configure-your-profile


[0m18:37:30.204494 [info ] [MainThread]: Your new dbt project "air_quality_dbt" was created!
Initialized new project in C:\Users\zstok\OneDrive\Desktop\air-quality-pipeline\dbt\air_quality_dbt\air_quality_dbt

For more information on how to configure the profiles.yml file,
please consult the dbt documentation here:

  https://docs.getdbt.com/docs/configure-your-profile

One more thing:

Need help? Don't hesitate to reach out to us via GitHub issues or on Slack:

  https://community.getdbt.com/

Happy modeling!

[0m18:37:30.205009 [info ] [MainThread]: [31mYour profile may need adjustments. You can find the logs of `dbt debug` above[0m
[0m18:37:30.206101 [debug] [MainThread]: Command `dbt init` succeeded at 18:37:30.205972 after 75.18 seconds
[0m18:37:30.206473 [debug] [MainThread]: Connection 'debug' was properly closed.
[0m18:37:30.206821 [debug] [MainThread]: Sending event: {'category': 'dbt', 'action': 'invocation', 'label': 'end', 'context': [<snowplow_tracker.self_describing_json.SelfDescribingJson object at 0x0000022CD39A4C30>, <snowplow_tracker.self_describing_json.SelfDescribingJson object at 0x0000022CCF45E9F0>, <snowplow_tracker.self_describing_json.SelfDescribingJson object at 0x0000022CCEEB58C0>]}
[0m18:37:30.207279 [debug] [MainThread]: Flushing usage events
[0m18:37:31.255314 [debug] [MainThread]: An error was encountered while trying to flush usage events
