{"timestamp":"2026-05-27T02:55:26.241020Z","level":"info","event":"DAG bundles loaded: dags-folder, example_dags","logger":"airflow.dag_processing.bundles.manager.DagBundlesManager","filename":"manager.py","lineno":209}
{"timestamp":"2026-05-27T02:55:26.251650Z","level":"info","event":"Filling up the DagBag from /opt/airflow/dags/air_quality_dag.py","logger":"airflow.dag_processing.dagbag.BundleDagBag","filename":"dagbag.py","lineno":469}
{"timestamp":"2026-05-27T02:55:26.369861Z","level":"info","event":"Task instance is in running state","logger":"task.stdout"}
{"timestamp":"2026-05-27T02:55:26.371472Z","level":"info","event":" Previous state of the Task instance: TaskInstanceState.QUEUED","logger":"task.stdout"}
{"timestamp":"2026-05-27T02:55:26.372810Z","level":"info","event":"Current task name:load_to_postgres","logger":"task.stdout"}
{"timestamp":"2026-05-27T02:55:26.375174Z","level":"info","event":"Dag name:air_quality_pipeline","logger":"task.stdout"}
{"timestamp":"2026-05-27T02:55:26.461063Z","level":"error","event":"Task failed with exception","logger":"task","filename":"task_runner.py","lineno":1347,"error_detail":[{"exc_type":"OperationalError","exc_value":"connection to server at \"postgres\" (172.18.0.7), port 5432 failed: FATAL:  database \"air_quality_db\" does not exist\n","exc_notes":[],"syntax_error":null,"is_cause":false,"frames":[{"filename":"/home/airflow/.local/lib/python3.13/site-packages/airflow/sdk/execution_time/task_runner.py","lineno":1263,"name":"run"},{"filename":"/home/airflow/.local/lib/python3.13/site-packages/airflow/sdk/execution_time/task_runner.py","lineno":1678,"name":"_execute_task"},{"filename":"/home/airflow/.local/lib/python3.13/site-packages/airflow/sdk/bases/operator.py","lineno":443,"name":"wrapper"},{"filename":"/home/airflow/.local/lib/python3.13/site-packages/airflow/providers/standard/operators/python.py","lineno":227,"name":"execute"},{"filename":"/home/airflow/.local/lib/python3.13/site-packages/airflow/providers/standard/operators/python.py","lineno":250,"name":"execute_callable"},{"filename":"/home/airflow/.local/lib/python3.13/site-packages/airflow/sdk/execution_time/callback_runner.py","lineno":97,"name":"run"},{"filename":"/opt/airflow/dags/air_quality_dag.py","lineno":80,"name":"load_to_postgres"},{"filename":"/home/airflow/.local/lib/python3.13/site-packages/psycopg2/__init__.py","lineno":122,"name":"connect"}],"is_group":false,"exceptions":[]}]}
{"timestamp":"2026-05-27T02:55:26.556931Z","level":"info","event":"Task instance in failure state","logger":"task.stdout"}
{"timestamp":"2026-05-27T02:55:26.557924Z","level":"info","event":"Task start","logger":"task.stdout"}
{"timestamp":"2026-05-27T02:55:26.559008Z","level":"info","event":"Task:<Task(PythonOperator): load_to_postgres>","logger":"task.stdout"}
{"timestamp":"2026-05-27T02:55:26.559666Z","level":"info","event":"Failure caused by connection to server at \"postgres\" (172.18.0.7), port 5432 failed: FATAL:  database \"air_quality_db\" does not exist","logger":"task.stdout"}
{"timestamp":"2026-05-27T02:55:26.560146Z","level":"info","event":"","logger":"task.stdout"}
{"timestamp":"2026-05-27T05:36:57.589136Z","level":"info","event":"DAG bundles loaded: dags-folder, example_dags","logger":"airflow.dag_processing.bundles.manager.DagBundlesManager","filename":"manager.py","lineno":209}
{"timestamp":"2026-05-27T05:36:57.591352Z","level":"info","event":"Filling up the DagBag from /opt/airflow/dags/air_quality_dag.py","logger":"airflow.dag_processing.dagbag.BundleDagBag","filename":"dagbag.py","lineno":469}
{"timestamp":"2026-05-27T05:36:57.648840Z","level":"info","event":"Task instance is in running state","logger":"task.stdout"}
{"timestamp":"2026-05-27T05:36:57.649310Z","level":"info","event":" Previous state of the Task instance: TaskInstanceState.QUEUED","logger":"task.stdout"}
{"timestamp":"2026-05-27T05:36:57.649845Z","level":"info","event":"Current task name:load_to_postgres","logger":"task.stdout"}
{"timestamp":"2026-05-27T05:36:57.650280Z","level":"info","event":"Dag name:air_quality_pipeline","logger":"task.stdout"}
{"timestamp":"2026-05-27T05:36:57.700370Z","level":"info","event":"Loaded 2 records into PostgreSQL","logger":"task.stdout"}
{"timestamp":"2026-05-27T05:36:57.700379Z","level":"info","event":"Done. Returned value was: None","logger":"airflow.task.operators.airflow.providers.standard.operators.python.PythonOperator","filename":"python.py","lineno":229}
{"timestamp":"2026-05-27T05:36:57.753324Z","level":"info","event":"Task instance in success state","logger":"task.stdout"}
{"timestamp":"2026-05-27T05:36:57.753943Z","level":"info","event":" Previous state of the Task instance: TaskInstanceState.RUNNING","logger":"task.stdout"}
{"timestamp":"2026-05-27T05:36:57.754435Z","level":"info","event":"Task operator:<Task(PythonOperator): load_to_postgres>","logger":"task.stdout"}
{"timestamp":"2026-05-27T15:35:44.031919Z","level":"info","event":"DAG bundles loaded: dags-folder, example_dags","logger":"airflow.dag_processing.bundles.manager.DagBundlesManager","filename":"manager.py","lineno":209}
{"timestamp":"2026-05-27T15:35:44.033449Z","level":"info","event":"Filling up the DagBag from /opt/airflow/dags/air_quality_dag.py","logger":"airflow.dag_processing.dagbag.BundleDagBag","filename":"dagbag.py","lineno":469}
{"timestamp":"2026-05-27T15:35:44.628627Z","level":"info","event":"Task instance is in running state","logger":"task.stdout"}
{"timestamp":"2026-05-27T15:35:44.629194Z","level":"info","event":" Previous state of the Task instance: TaskInstanceState.QUEUED","logger":"task.stdout"}
{"timestamp":"2026-05-27T15:35:44.629689Z","level":"info","event":"Current task name:load_to_postgres","logger":"task.stdout"}
{"timestamp":"2026-05-27T15:35:44.630055Z","level":"info","event":"Dag name:air_quality_pipeline","logger":"task.stdout"}
{"timestamp":"2026-05-27T15:35:44.711279Z","level":"error","event":"Task failed with exception","logger":"task","filename":"task_runner.py","lineno":1347,"error_detail":[{"exc_type":"SyntaxError","exc_value":"syntax error at or near \")\"\nLINE 13: ...    ON CONFLICT (date_pbserved, city, pollutant) DO NOTHING)\n                                                                       ^\n","exc_notes":[],"syntax_error":null,"is_cause":false,"frames":[{"filename":"/home/airflow/.local/lib/python3.13/site-packages/airflow/sdk/execution_time/task_runner.py","lineno":1263,"name":"run"},{"filename":"/home/airflow/.local/lib/python3.13/site-packages/airflow/sdk/execution_time/task_runner.py","lineno":1678,"name":"_execute_task"},{"filename":"/home/airflow/.local/lib/python3.13/site-packages/airflow/sdk/bases/operator.py","lineno":443,"name":"wrapper"},{"filename":"/home/airflow/.local/lib/python3.13/site-packages/airflow/providers/standard/operators/python.py","lineno":227,"name":"execute"},{"filename":"/home/airflow/.local/lib/python3.13/site-packages/airflow/providers/standard/operators/python.py","lineno":250,"name":"execute_callable"},{"filename":"/home/airflow/.local/lib/python3.13/site-packages/airflow/sdk/execution_time/callback_runner.py","lineno":97,"name":"run"},{"filename":"/opt/airflow/dags/air_quality_dag.py","lineno":108,"name":"load_to_postgres"}],"is_group":false,"exceptions":[]}]}
{"timestamp":"2026-05-27T15:35:44.755503Z","level":"info","event":"Task instance in failure state","logger":"task.stdout"}
{"timestamp":"2026-05-27T15:35:44.756112Z","level":"info","event":"Task start","logger":"task.stdout"}
{"timestamp":"2026-05-27T15:35:44.756468Z","level":"info","event":"Task:<Task(PythonOperator): load_to_postgres>","logger":"task.stdout"}
{"timestamp":"2026-05-27T15:35:44.756799Z","level":"info","event":"Failure caused by syntax error at or near \")\"","logger":"task.stdout"}
{"timestamp":"2026-05-27T15:35:44.757189Z","level":"info","event":"LINE 13: ...    ON CONFLICT (date_pbserved, city, pollutant) DO NOTHING)","logger":"task.stdout"}
{"timestamp":"2026-05-27T15:35:44.757490Z","level":"info","event":"                                                                       ^","logger":"task.stdout"}
{"timestamp":"2026-05-27T15:35:44.757781Z","level":"info","event":"","logger":"task.stdout"}
